2025-03-17 23:16:36,479 - WARNING - Failed login attempt for username 'samyam'
2025-03-17 23:16:46,865 - INFO - User 'samyam' registered successfully.
2025-03-17 23:17:08,998 - WARNING - Failed login attempt for username 'admin'
2025-03-17 23:18:50,211 - INFO - User 'samyam' logged in successfully.
2025-03-17 23:19:22,278 - INFO - Expense added for user 'samyam': 1   2025-03-17  Food                20.00     Need food
2025-03-17 23:19:47,940 - INFO - User 'samyam' logged out.
2025-03-17 23:32:40,503 - INFO - User 'chaching' registered successfully.
2025-03-17 23:33:12,223 - INFO - User 'chaching1' registered successfully.
2025-03-17 23:36:58,339 - INFO - User 'chaching1' registered successfully with user_id=3.
2025-03-17 23:37:19,490 - WARNING - Failed login attempt for username 'samyam'
2025-03-17 23:37:29,943 - INFO - User 'samyam' logged in successfully.
2025-03-17 23:37:37,765 - INFO - User 'samyam' logged out.
2025-03-17 23:38:03,555 - WARNING - Failed login attempt for username 'admin'
2025-03-17 23:38:22,943 - WARNING - Failed login attempt for username 'admin'
2025-03-17 23:38:37,663 - INFO - User 'samyam' logged in successfully.
2025-03-17 23:38:43,165 - INFO - User 'samyam' logged out.
2025-03-17 23:39:05,747 - WARNING - Failed login attempt for username 'admin'
2025-03-17 23:39:25,373 - WARNING - Failed login attempt for username 'admin'
2025-03-17 23:40:54,465 - WARNING - Failed login attempt for username 'admin'
2025-03-17 23:44:40,158 - WARNING - Failed login attempt for username 'admin'
2025-03-18 00:01:11,375 - INFO - Data saved successfully.
2025-03-18 00:01:24,433 - INFO - Data saved successfully.
2025-03-18 00:01:24,433 - INFO - User 'samyam' registered successfully.
2025-03-18 00:01:43,725 - WARNING - Registration failed: Username 'samyam' already exists.
2025-03-18 00:01:53,883 - INFO - Data saved successfully.
2025-03-18 00:01:53,883 - INFO - User 'chaching' registered successfully.
2025-03-18 00:02:14,035 - INFO - Data saved successfully.
2025-03-18 00:02:14,035 - INFO - User 'sam' registered successfully.
2025-03-18 00:02:38,611 - INFO - User 'admin' logged in successfully.
2025-03-18 00:02:52,264 - WARNING - Failed login attempt for username 'samyamm'
2025-03-18 00:02:59,299 - INFO - User 'samyam' logged in successfully.
2025-03-18 00:04:04,280 - INFO - User 'samyam' logged in successfully.
2025-03-18 00:06:05,797 - INFO - User 'samyam' logged in successfully.
2025-03-18 00:08:10,031 - INFO - User 'samyam' logged in successfully.
2025-03-18 00:08:31,202 - INFO - Data saved successfully.
2025-03-18 00:08:31,203 - INFO - Budget set for user 'samyam' - 2025-03: 1000.00
2025-03-18 00:08:38,781 - INFO - User 'samyam' logged out.
2025-03-18 00:08:46,779 - INFO - User 'admin' logged in successfully.
2025-03-18 00:10:11,898 - INFO - User 'admin' logged in successfully.
2025-03-18 00:10:15,097 - INFO - Data saved successfully.
2025-03-18 00:10:21,085 - INFO - Data saved successfully.
2025-03-18 00:10:28,928 - INFO - Data saved successfully.
2025-03-18 00:10:37,405 - INFO - Data saved successfully.
2025-03-18 00:10:50,617 - INFO - Data saved successfully.
2025-03-18 00:11:00,535 - INFO - Data saved successfully.
2025-03-18 00:11:07,404 - INFO - Data saved successfully.
2025-03-18 00:11:11,183 - INFO - Data saved successfully.
2025-03-18 00:11:15,246 - INFO - Data saved successfully.
2025-03-18 00:11:22,635 - INFO - Data saved successfully.
2025-03-18 00:11:55,300 - INFO - User 'samyam' logged in successfully.
2025-03-18 00:12:58,677 - INFO - User 'samyam' logged in successfully.
2025-03-18 00:15:18,346 - INFO - User 'samyam' logged in successfully.
2025-03-18 00:16:13,400 - INFO - User 'samyam' logged in successfully.
2025-03-18 00:16:35,723 - INFO - User 'samyam' logged in successfully.
2025-03-18 00:17:34,234 - INFO - User 'samyam' logged in successfully.
2025-03-18 00:19:11,841 - INFO - User 'samyam' logged in successfully.
2025-03-18 00:20:27,014 - INFO - User 'samyam' logged in successfully.
2025-03-18 00:20:36,247 - INFO - Data saved successfully.
2025-03-18 00:20:36,247 - INFO - Expense added for user 'samyam': 1   2025-03-18  Food                20.00     fsdf
2025-03-18 00:20:51,608 - INFO - Data saved successfully.
2025-03-18 00:20:51,608 - INFO - Expense added for user 'samyam': 2   2025-03-18  Rent                350.00    Rent
2025-03-18 00:23:04,111 - INFO - User 'samyam' logged in successfully.
2025-03-18 00:23:42,126 - INFO - Data saved successfully.
2025-03-18 00:23:42,127 - INFO - Expense added for user 'samyam': 1   2025-03-18  Food                225.00    March Month Groceries. Eggs, Milk, Meat, Juices, Blender.
2025-03-18 00:24:07,557 - INFO - User 'samyam' logged in successfully.
2025-03-18 00:25:19,387 - INFO - User 'samyam' logged in successfully.
2025-03-18 00:25:38,984 - INFO - Data saved successfully.
2025-03-18 00:25:38,984 - INFO - Expense added for user 'samyam': 1   2025-03-18  Rent                350.00    Rent March
2025-03-18 00:25:43,578 - INFO - User 'samyam' logged out.
2025-03-18 00:27:11,049 - WARNING - Failed login attempt for username 'samyam'
2025-03-18 00:27:18,584 - INFO - User 'samyam' logged in successfully.
2025-03-18 00:27:50,998 - INFO - Data saved successfully.
2025-03-18 00:27:50,998 - INFO - Expense added for user 'samyam': 1   2025-03-18  Transport           12.00     Uber to Downtown
2025-03-18 00:30:45,722 - INFO - User 'samyam' logged in successfully.
2025-03-18 00:33:00,588 - INFO - User 'samyam' logged in successfully.
2025-03-18 00:35:44,162 - INFO - User 'samyam' logged in successfully.
2025-03-18 00:36:24,133 - INFO - Data saved successfully.
2025-03-18 00:36:24,134 - INFO - Expense added for user 'samyam': <expenses.Expense object at 0x00000243F79442E0>
2025-03-18 00:39:33,890 - INFO - User 'samyam' logged in successfully.
2025-03-18 00:40:08,381 - INFO - User 'samyam' logged in successfully.
2025-03-18 00:45:49,513 - INFO - User 'samyam' logged in successfully.
2025-03-18 00:50:35,850 - INFO - User 'samyam' logged in successfully.
2025-03-18 00:52:28,569 - INFO - User 'samyam' logged in successfully.
2025-03-18 00:53:15,284 - INFO - User 'samyam' logged in successfully.
2025-03-18 00:56:53,470 - INFO - User 'samyam' logged in successfully.
2025-03-18 00:58:45,884 - INFO - User 'samyam' logged in successfully.
2025-03-18 00:59:46,562 - INFO - User 'samyam' logged in successfully.
2025-03-18 01:00:17,688 - WARNING - Registration failed: Username 'samyam' already exists.
2025-03-18 01:00:57,156 - INFO - User 'samyam' logged in successfully.
2025-03-18 01:04:38,509 - WARNING - Failed login attempt for username 'samam'
2025-03-18 01:04:44,819 - INFO - User 'samyam' logged in successfully.
2025-03-18 01:07:10,524 - INFO - User 'samyam' logged in successfully.
2025-03-18 01:07:18,730 - INFO - Data saved successfully.
2025-03-18 01:07:18,730 - INFO - Expense added for user 'samyam': {'expense_id': 1, 'amount': 30.0, 'category': 'Transport', 'description': 'Uber', 'user_id': 1, 'date': '2025-03-18'}
2025-03-18 01:09:33,346 - INFO - User 'samyam' logged in successfully.
2025-03-18 01:09:50,714 - INFO - Data saved successfully.
2025-03-18 01:09:50,714 - INFO - Expense added for user 'samyam': {'expense_id': 1, 'amount': 10.0, 'category': 'Transport', 'description': 'Uber to Mall', 'user_id': 1, 'date': '2025-03-18'}
2025-03-18 01:10:53,746 - INFO - Data saved successfully.
2025-03-18 01:10:53,747 - INFO - User 'sam' registered successfully.
2025-03-18 01:11:02,399 - INFO - User 'sam' logged in successfully.
2025-03-18 01:11:15,295 - INFO - Data saved successfully.
2025-03-18 01:11:15,295 - INFO - Expense added for user 'sam': {'expense_id': 1, 'amount': 20.0, 'category': 'Food', 'description': 'Grocery', 'user_id': 3, 'date': '2025-03-18'}
2025-03-18 01:18:43,617 - INFO - User 'samyam' logged in successfully.
2025-03-18 01:21:09,492 - INFO - User 'samyam' logged in successfully.
2025-03-18 01:21:34,287 - INFO - Data saved successfully.
2025-03-18 01:21:34,288 - INFO - Expense added for user 'samyam': {'date': '2025-03-18', 'amount': 30.0, 'category': 'Miscellaneous', 'description': 'Lights', 'user_id': 1}
2025-03-18 01:24:13,630 - INFO - User 'sam' logged in successfully.
2025-03-18 01:24:28,817 - INFO - Data saved successfully.
2025-03-18 01:24:28,817 - INFO - Expense added for user 'sam': {'date': '2025-03-18', 'amount': 45.0, 'category': 'Food', 'description': 'Panera', 'user_id': 3}
2025-03-18 01:25:17,077 - INFO - Data saved successfully.
2025-03-18 01:25:17,077 - INFO - Expense added for user 'sam': {'date': '2025-03-03', 'amount': 400.0, 'category': 'Rent', 'description': 'Rent', 'user_id': 3}
2025-03-18 01:25:39,777 - INFO - Data saved successfully.
2025-03-18 01:25:39,777 - INFO - Budget set for user 'sam' - 2025-03: 500.00
2025-03-18 01:25:48,858 - INFO - User 'sam' logged out.
2025-03-18 01:27:26,379 - INFO - User 'sam' logged in successfully.
2025-03-18 01:27:49,869 - INFO - Data saved successfully.
2025-03-18 01:27:49,869 - INFO - Expense added for user 'sam': {'date': '2025-03-11', 'amount': 30.0, 'category': 'Food', 'description': 'Grocery 2nd Week', 'user_id': 3}
2025-03-18 01:28:12,078 - INFO - Data saved successfully.
2025-03-18 01:28:12,079 - INFO - Budget set for user 'sam' - 2025-03: 800.00
2025-03-18 01:28:32,631 - INFO - Data saved successfully.
2025-03-18 01:28:32,632 - INFO - Expense added for user 'sam': {'date': '2025-03-01', 'amount': 400.0, 'category': 'Rent', 'description': 'Rent March', 'user_id': 3}
2025-03-18 01:28:58,290 - INFO - User 'sam' logged out.
2025-03-18 01:29:05,207 - INFO - User 'samyam' logged in successfully.
2025-03-18 01:29:42,171 - INFO - Data saved successfully.
2025-03-18 01:29:42,171 - INFO - Expense added for user 'samyam': {'date': '2025-03-01', 'amount': 350.0, 'category': 'Rent', 'description': 'Rent for month of MARCH', 'user_id': 1}
2025-03-18 01:30:21,216 - INFO - Data saved successfully.
2025-03-18 01:30:21,216 - INFO - Expense added for user 'samyam': {'date': '2025-03-04', 'amount': 78.0, 'category': 'Transport', 'description': 'Heating And Eleectric MARCH', 'user_id': 1}
2025-03-18 01:31:02,850 - INFO - User 'samyam' logged out.
2025-03-18 01:39:54,610 - INFO - User 'samyam' logged in successfully.
2025-03-18 01:40:13,657 - INFO - Data saved successfully.
2025-03-18 01:40:13,657 - INFO - Expense added for user 'samyam': {'date': '2025-03-18', 'amount': 20.0, 'category': 'Food', 'description': 'Pizza Party', 'user_id': 1}
2025-03-18 01:40:16,927 - INFO - User 'samyam' logged out.
2025-03-18 01:54:53,192 - INFO - User 'samyam' logged in successfully.
2025-03-18 01:56:22,223 - INFO - User 'samyam' logged in successfully.
2025-03-18 01:57:54,263 - INFO - User 'samyam' logged in successfully.
2025-03-18 01:58:35,844 - INFO - User 'samyam' logged in successfully.
2025-03-18 01:58:47,694 - INFO - Data saved successfully.
2025-03-18 01:58:47,694 - INFO - Expense added for user 'samyam': {'date': '2025-03-18', 'amount': 5.0, 'category': 'Food', 'description': 'Cancy', 'user_id': 1}
2025-03-18 02:00:22,032 - INFO - User 'sam' logged in successfully.
2025-03-18 02:05:05,329 - INFO - User 'samyam' logged in successfully.
2025-03-18 02:06:50,392 - INFO - User 'samyam' logged in successfully.
2025-03-18 02:10:16,790 - INFO - User 'samyam' logged in successfully.
2025-03-18 02:11:58,560 - INFO - User 'sam' logged in successfully.
2025-03-18 02:12:18,911 - INFO - Data saved successfully.
2025-03-18 02:12:18,911 - INFO - Expense added: 20.0, Food, fe, 2025-03-18, ID: 3 by user 3.
2025-03-18 02:12:33,826 - INFO - User 'sam' logged out.
2025-03-18 02:13:21,037 - INFO - User 'samyam' logged in successfully.
2025-03-18 02:14:12,158 - INFO - Data saved successfully.
2025-03-18 02:14:12,158 - INFO - Expense added: 20.0, Dance, dfsdf, 2025-03-18, ID: 5 by user 1.
2025-03-18 02:14:15,999 - INFO - User 'samyam' logged out.
2025-03-18 02:15:49,950 - INFO - User 'admin' logged in successfully.
2025-03-18 02:15:57,290 - INFO - Data saved successfully.
2025-03-18 02:16:17,496 - WARNING - Failed login attempt for username 'sam123'
2025-03-18 02:16:26,530 - WARNING - Failed login attempt for username 'samyam123'
2025-03-18 02:16:32,278 - INFO - User 'samyam' logged in successfully.
2025-03-18 02:17:09,032 - INFO - Data saved successfully.
2025-03-18 02:17:09,033 - INFO - Expense added: 30.0, Horror, fsf, afaf, ID: 6 by user 1.
2025-03-18 02:17:18,039 - INFO - User 'samyam' logged out.
2025-03-18 02:18:44,406 - INFO - User 'sam' logged in successfully.
2025-03-18 02:19:16,287 - INFO - Data saved successfully.
2025-03-18 02:19:16,287 - INFO - Expense added: 20.0, Rent, This is test, 2025-03-18, ID: 4 by user 3.
2025-03-18 02:19:25,914 - INFO - User 'sam' logged out.
2025-03-18 02:21:58,859 - INFO - User 'samyam' logged in successfully.
2025-03-18 02:22:38,811 - INFO - User 'samyam' logged in successfully.
2025-03-18 02:23:13,351 - INFO - User 'samyam' logged in successfully.
2025-03-18 02:23:34,473 - WARNING - Failed login attempt for username 'samyam'
2025-03-18 02:23:44,774 - INFO - User 'samyam' logged in successfully.
2025-03-18 02:23:55,425 - INFO - Data saved successfully.
2025-03-18 02:23:55,425 - INFO - Expense added: 10.0, Utilities, Test, 2025-03-18, ID: 7 by user 1.
2025-03-18 02:25:30,577 - INFO - User 'samyam' logged in successfully.
2025-03-18 02:26:23,077 - WARNING - Failed login attempt for username 'samya'
2025-03-18 02:26:27,287 - INFO - User 'sam' logged in successfully.
2025-03-18 02:27:53,348 - INFO - User 'sam' logged in successfully.
2025-03-18 02:28:02,366 - INFO - Data saved successfully.
2025-03-18 02:28:02,366 - INFO - Budget set for 2025-03: 100.0 by user 3.
2025-03-18 02:28:38,128 - INFO - User 'sam' logged out.
2025-03-18 02:30:42,419 - INFO - User 'sam' logged in successfully.
2025-03-18 02:36:27,860 - INFO - User 'sam' logged in successfully.
2025-03-18 02:37:26,248 - INFO - Data saved successfully.
2025-03-18 02:37:59,031 - INFO - Data saved successfully.
2025-03-18 02:38:04,132 - INFO - Data saved successfully.
2025-03-18 12:09:33,680 - INFO - Data saved successfully.
2025-03-18 12:09:33,682 - INFO - User 'gamvi' registered successfully.
2025-03-18 14:31:51,516 - INFO - User 'admin' logged in successfully.
2025-03-18 14:35:10,202 - INFO - Data saved successfully.
2025-03-18 14:38:39,770 - INFO - User 'samyam' logged in successfully.
2025-03-18 14:38:43,140 - INFO - User 'samyam' logged out.
2025-03-18 14:38:49,613 - INFO - User 'admin' logged in successfully.
2025-03-18 14:42:03,133 - INFO - Data saved successfully.
2025-03-18 14:42:17,731 - INFO - Data saved successfully.
2025-03-18 14:49:33,452 - INFO - User 'admin' logged in successfully.
2025-03-18 14:49:50,520 - INFO - Data saved successfully.
2025-03-18 14:49:57,766 - INFO - Data saved successfully.
2025-03-18 15:17:39,027 - INFO - User 'samyam' logged in successfully.
2025-03-18 15:18:00,446 - INFO - Data saved successfully.
2025-03-18 15:18:00,447 - INFO - Expense added: 10.0, Rent, Librabry Snacl, 2025-03-18, ID: 8 by user 1.
2025-03-18 15:28:33,166 - INFO - User 'samyam' logged in successfully.
2025-03-18 15:28:52,073 - INFO - Data saved successfully.
2025-03-18 15:28:52,073 - INFO - Expense added: 20.0, Tessttt, test description, 2025-03-16, ID: 9 by user 1.
2025-03-18 15:37:40,945 - INFO - Data saved successfully.
